  [4;36;1mSQL (0.6ms)[0m   [0;1m SELECT name
 FROM sqlite_master
 WHERE type = 'table' AND NOT name = 'sqlite_sequence'
[0m
  [4;35;1mSQL (0.3ms)[0m   [0mselect sqlite_version(*)[0m
  [4;36;1mSQL (8.8ms)[0m   [0;1mCREATE TABLE "schema_migrations" ("version" varchar(255) NOT NULL) [0m
  [4;35;1mSQL (3.1ms)[0m   [0mCREATE UNIQUE INDEX "unique_schema_migrations" ON "schema_migrations" ("version")[0m
  [4;36;1mSQL (0.4ms)[0m   [0;1m SELECT name
 FROM sqlite_master
 WHERE type = 'table' AND NOT name = 'sqlite_sequence'
[0m
  [4;35;1mSQL (0.2ms)[0m   [0mSELECT version FROM schema_migrations[0m
Migrating to Score (20090624192847)
  [4;36;1mSQL (0.4ms)[0m   [0;1mINSERT INTO schema_migrations (version) VALUES ('20090624192847')[0m
  [4;35;1mSQL (0.4ms)[0m   [0m SELECT name
 FROM sqlite_master
 WHERE type = 'table' AND NOT name = 'sqlite_sequence'
[0m
  [4;36;1mSQL (0.3ms)[0m   [0;1mSELECT version FROM schema_migrations[0m
  [4;35;1mSQL (0.3ms)[0m   [0m SELECT name
 FROM sqlite_master
 WHERE type = 'table' AND NOT name = 'sqlite_sequence'
[0m


Processing ScoresController#index (for 127.0.0.1 at 2009-06-24 14:40:46) [GET]

ActionController::UnknownAction (No action responded to index. Actions: ):
  

Rendering rescues/layout (not_found)


Processing ScoresController#index (for 127.0.0.1 at 2009-06-24 14:41:17) [GET]
Rendering scores/index
Completed in 22ms (View: 19, DB: 0) | 200 OK [http://localhost/]


Processing ScoresController#index (for 127.0.0.1 at 2009-06-24 14:45:13) [GET]
Rendering template within layouts/main
Rendering scores/index

ActionView::TemplateError (undefined local variable or method `current_user' for #<ActionView::Base:0xb593a55c>) on line #28 of app/views/layouts/main.html.erb:
25:   <div id="right_bar">
26:     <%= yield :right %>
27: <!--
28:     <% if current_user.class == User %>
29:       <%= link_to "logout", url_for({:controller => :account, :action => :logout}) %>
30:     <% end %>
31: -->

    app/views/layouts/main.html.erb:28

Rendered rescues/_trace (78.9ms)
Rendered rescues/_request_and_response (15.4ms)
Rendering rescues/layout (internal_server_error)


Processing ScoresController#index (for 127.0.0.1 at 2009-06-24 14:45:26) [GET]
Rendering template within layouts/main
Rendering scores/index
Completed in 12ms (View: 8, DB: 0) | 200 OK [http://localhost/]


Processing ScoresController#index (for 127.0.0.1 at 2009-06-24 14:48:26) [GET]
  [4;36;1mScore Load (0.0ms)[0m   [0;1mSQLite3::SQLException: no such table: scores: SELECT * FROM "scores" [0m

ActiveRecord::StatementInvalid (SQLite3::SQLException: no such table: scores: SELECT * FROM "scores" ):
  app/controllers/scores_controller.rb:5:in `index'

Rendered rescues/_trace (77.0ms)
Rendered rescues/_request_and_response (0.4ms)
Rendering rescues/layout (internal_server_error)
  [4;36;1mSQL (50.6ms)[0m   [0;1m SELECT name
 FROM sqlite_master
 WHERE type = 'table' AND NOT name = 'sqlite_sequence'
[0m
  [4;35;1mSQL (0.3ms)[0m   [0mSELECT version FROM schema_migrations[0m
Migrating to Score (20090624192847)
  [4;36;1mSQL (0.3ms)[0m   [0;1mselect sqlite_version(*)[0m
  [4;35;1mSQL (0.3ms)[0m   [0m SELECT name
 FROM sqlite_master
 WHERE type = 'table' AND NOT name = 'sqlite_sequence'
[0m
  [4;36;1mSQL (0.2ms)[0m   [0;1mSELECT version FROM schema_migrations[0m
  [4;35;1mSQL (0.2ms)[0m   [0m SELECT name
 FROM sqlite_master
 WHERE type = 'table' AND NOT name = 'sqlite_sequence'
[0m
  [4;36;1mScore Load (0.0ms)[0m   [0;1mSQLite3::SQLException: no such table: scores: SELECT * FROM "scores" [0m
  [4;36;1mSQL (1.0ms)[0m   [0;1m SELECT name
 FROM sqlite_master
 WHERE type = 'table' AND NOT name = 'sqlite_sequence'
[0m
  [4;35;1mSQL (0.9ms)[0m   [0mSELECT version FROM schema_migrations[0m
  [4;36;1mSQL (0.3ms)[0m   [0;1m SELECT name
 FROM sqlite_master
 WHERE type = 'table' AND NOT name = 'sqlite_sequence'
[0m
  [4;35;1mSQL (0.2ms)[0m   [0mSELECT version FROM schema_migrations[0m
Migrating to Score (20090624192847)
  [4;36;1mSQL (0.2ms)[0m   [0;1mselect sqlite_version(*)[0m
  [4;35;1mSQL (0.8ms)[0m   [0mDELETE FROM schema_migrations WHERE version = '20090624192847'[0m
  [4;36;1mSQL (0.3ms)[0m   [0;1m SELECT name
 FROM sqlite_master
 WHERE type = 'table' AND NOT name = 'sqlite_sequence'
[0m
  [4;35;1mSQL (0.1ms)[0m   [0mSELECT version FROM schema_migrations[0m
  [4;36;1mSQL (0.2ms)[0m   [0;1m SELECT name
 FROM sqlite_master
 WHERE type = 'table' AND NOT name = 'sqlite_sequence'
[0m
  [4;36;1mSQL (1.0ms)[0m   [0;1m SELECT name
 FROM sqlite_master
 WHERE type = 'table' AND NOT name = 'sqlite_sequence'
[0m
  [4;35;1mSQL (0.9ms)[0m   [0mSELECT version FROM schema_migrations[0m
Migrating to CreateScores (20090624195110)
  [4;36;1mSQL (0.2ms)[0m   [0;1mselect sqlite_version(*)[0m
  [4;35;1mSQL (1.1ms)[0m   [0mCREATE TABLE "scores" ("id" INTEGER PRIMARY KEY AUTOINCREMENT NOT NULL, "username" varchar(255), "level" integer, "points" integer, "email" varchar(255), "created_at" datetime, "updated_at" datetime) [0m
  [4;36;1mSQL (0.3ms)[0m   [0;1mINSERT INTO schema_migrations (version) VALUES ('20090624195110')[0m
  [4;35;1mSQL (0.4ms)[0m   [0m SELECT name
 FROM sqlite_master
 WHERE type = 'table' AND NOT name = 'sqlite_sequence'
[0m
  [4;36;1mSQL (0.2ms)[0m   [0;1mSELECT version FROM schema_migrations[0m
  [4;35;1mSQL (0.3ms)[0m   [0m SELECT name
 FROM sqlite_master
 WHERE type = 'table' AND NOT name = 'sqlite_sequence'
[0m
  [4;36;1mSQL (0.1ms)[0m   [0;1mPRAGMA index_list("scores")[0m


Processing ScoresController#index (for 127.0.0.1 at 2009-06-24 14:51:17) [GET]
  [4;36;1mScore Load (1.0ms)[0m   [0;1mSELECT * FROM "scores" [0m
Rendering template within layouts/main
Rendering scores/index
Completed in 29ms (View: 21, DB: 1) | 200 OK [http://localhost/]
  [4;36;1mScore Create (0.8ms)[0m   [0;1mINSERT INTO "scores" ("updated_at", "points", "username", "level", "email", "created_at") VALUES('2009-06-24 19:52:19', 9999999999, 'Stephen', 100, 'stephen.foster4@gmail.com', '2009-06-24 19:52:19')[0m


Processing ScoresController#index (for 127.0.0.1 at 2009-06-24 14:52:20) [GET]
  [4;35;1mScore Load (1.1ms)[0m   [0mSELECT * FROM "scores" [0m
Rendering template within layouts/main
Rendering scores/index
Completed in 82ms (View: 73, DB: 1) | 200 OK [http://localhost/]


Processing ScoresController#index (for 127.0.0.1 at 2009-06-24 14:52:54) [GET]
  [4;36;1mScore Load (1.1ms)[0m   [0;1mSELECT * FROM "scores" [0m
Rendering template within layouts/main
Rendering scores/index
Completed in 30ms (View: 21, DB: 1) | 200 OK [http://localhost/]
